<?xml version="1.0" encoding="UTF-8"?>
<testsuite name="com.bouznari.Calculator.CalculatorApplicationTests" tests="1" skipped="0" failures="0" errors="0" timestamp="2023-12-22T07:42:36" hostname="pc-HP-ProBook-440-G8-Notebook-PC" time="0.361">
  <properties/>
  <testcase name="contextLoads()" classname="com.bouznari.Calculator.CalculatorApplicationTests" time="0.361"/>
  <system-out><![CDATA[08:42:33.803 [Test worker] DEBUG org.springframework.test.context.BootstrapUtils - Instantiating CacheAwareContextLoaderDelegate from class [org.springframework.test.context.cache.DefaultCacheAwareContextLoaderDelegate]
08:42:33.820 [Test worker] DEBUG org.springframework.test.context.BootstrapUtils - Instantiating BootstrapContext using constructor [public org.springframework.test.context.support.DefaultBootstrapContext(java.lang.Class,org.springframework.test.context.CacheAwareContextLoaderDelegate)]
08:42:33.875 [Test worker] DEBUG org.springframework.test.context.BootstrapUtils - Instantiating TestContextBootstrapper for test class [com.bouznari.Calculator.CalculatorApplicationTests] from class [org.springframework.boot.test.context.SpringBootTestContextBootstrapper]
08:42:33.890 [Test worker] INFO org.springframework.boot.test.context.SpringBootTestContextBootstrapper - Neither @ContextConfiguration nor @ContextHierarchy found for test class [com.bouznari.Calculator.CalculatorApplicationTests], using SpringBootContextLoader
08:42:33.896 [Test worker] DEBUG org.springframework.test.context.support.AbstractContextLoader - Did not detect default resource location for test class [com.bouznari.Calculator.CalculatorApplicationTests]: class path resource [com/bouznari/Calculator/CalculatorApplicationTests-context.xml] does not exist
08:42:33.896 [Test worker] DEBUG org.springframework.test.context.support.AbstractContextLoader - Did not detect default resource location for test class [com.bouznari.Calculator.CalculatorApplicationTests]: class path resource [com/bouznari/Calculator/CalculatorApplicationTestsContext.groovy] does not exist
08:42:33.896 [Test worker] INFO org.springframework.test.context.support.AbstractContextLoader - Could not detect default resource locations for test class [com.bouznari.Calculator.CalculatorApplicationTests]: no resource found for suffixes {-context.xml, Context.groovy}.
08:42:33.897 [Test worker] INFO org.springframework.test.context.support.AnnotationConfigContextLoaderUtils - Could not detect default configuration classes for test class [com.bouznari.Calculator.CalculatorApplicationTests]: CalculatorApplicationTests does not declare any static, non-private, non-final, nested classes annotated with @Configuration.
08:42:33.944 [Test worker] DEBUG org.springframework.test.context.support.ActiveProfilesUtils - Could not find an 'annotation declaring class' for annotation type [org.springframework.test.context.ActiveProfiles] and class [com.bouznari.Calculator.CalculatorApplicationTests]
08:42:34.032 [Test worker] DEBUG org.springframework.context.annotation.ClassPathScanningCandidateComponentProvider - Identified candidate component class: file [/home/pc/Bureau/calculator/build/classes/java/main/com/bouznari/Calculator/CalculatorApplication.class]
08:42:34.039 [Test worker] INFO org.springframework.boot.test.context.SpringBootTestContextBootstrapper - Found @SpringBootConfiguration com.bouznari.Calculator.CalculatorApplication for test class com.bouznari.Calculator.CalculatorApplicationTests
08:42:34.162 [Test worker] DEBUG org.springframework.boot.test.context.SpringBootTestContextBootstrapper - @TestExecutionListeners is not present for class [com.bouznari.Calculator.CalculatorApplicationTests]: using defaults.
08:42:34.163 [Test worker] INFO org.springframework.boot.test.context.SpringBootTestContextBootstrapper - Loaded default TestExecutionListener class names from location [META-INF/spring.factories]: [org.springframework.boot.test.autoconfigure.restdocs.RestDocsTestExecutionListener, org.springframework.boot.test.autoconfigure.web.client.MockRestServiceServerResetTestExecutionListener, org.springframework.boot.test.autoconfigure.web.servlet.MockMvcPrintOnlyOnFailureTestExecutionListener, org.springframework.boot.test.autoconfigure.web.servlet.WebDriverTestExecutionListener, org.springframework.boot.test.autoconfigure.webservices.client.MockWebServiceServerTestExecutionListener, org.springframework.boot.test.mock.mockito.MockitoTestExecutionListener, org.springframework.boot.test.mock.mockito.ResetMocksTestExecutionListener, org.springframework.test.context.web.ServletTestExecutionListener, org.springframework.test.context.support.DirtiesContextBeforeModesTestExecutionListener, org.springframework.test.context.event.ApplicationEventsTestExecutionListener, org.springframework.test.context.support.DependencyInjectionTestExecutionListener, org.springframework.test.context.support.DirtiesContextTestExecutionListener, org.springframework.test.context.transaction.TransactionalTestExecutionListener, org.springframework.test.context.jdbc.SqlScriptsTestExecutionListener, org.springframework.test.context.event.EventPublishingTestExecutionListener]
08:42:34.179 [Test worker] DEBUG org.springframework.boot.test.context.SpringBootTestContextBootstrapper - Skipping candidate TestExecutionListener [org.springframework.test.context.transaction.TransactionalTestExecutionListener] due to a missing dependency. Specify custom listener classes or make the default listener classes and their required dependencies available. Offending class: [org/springframework/transaction/interceptor/TransactionAttributeSource]
08:42:34.180 [Test worker] DEBUG org.springframework.boot.test.context.SpringBootTestContextBootstrapper - Skipping candidate TestExecutionListener [org.springframework.test.context.jdbc.SqlScriptsTestExecutionListener] due to a missing dependency. Specify custom listener classes or make the default listener classes and their required dependencies available. Offending class: [org/springframework/transaction/interceptor/TransactionAttribute]
08:42:34.180 [Test worker] INFO org.springframework.boot.test.context.SpringBootTestContextBootstrapper - Using TestExecutionListeners: [org.springframework.test.context.web.ServletTestExecutionListener@6abdec0e, org.springframework.test.context.support.DirtiesContextBeforeModesTestExecutionListener@28f4f300, org.springframework.test.context.event.ApplicationEventsTestExecutionListener@2b5c4f17, org.springframework.boot.test.mock.mockito.MockitoTestExecutionListener@6ca8fcf3, org.springframework.boot.test.autoconfigure.SpringBootDependencyInjectionTestExecutionListener@69f0b0f4, org.springframework.test.context.support.DirtiesContextTestExecutionListener@66933239, org.springframework.test.context.event.EventPublishingTestExecutionListener@2f7efd0b, org.springframework.boot.test.autoconfigure.restdocs.RestDocsTestExecutionListener@41ad373, org.springframework.boot.test.autoconfigure.web.client.MockRestServiceServerResetTestExecutionListener@6801b414, org.springframework.boot.test.autoconfigure.web.servlet.MockMvcPrintOnlyOnFailureTestExecutionListener@177c41d7, org.springframework.boot.test.autoconfigure.web.servlet.WebDriverTestExecutionListener@4f327096, org.springframework.boot.test.autoconfigure.webservices.client.MockWebServiceServerTestExecutionListener@1d61a348, org.springframework.boot.test.mock.mockito.ResetMocksTestExecutionListener@78a515e4]
08:42:34.184 [Test worker] DEBUG org.springframework.test.context.support.AbstractDirtiesContextTestExecutionListener - Before test class: context [DefaultTestContext@5f14761c testClass = CalculatorApplicationTests, testInstance = [null], testMethod = [null], testException = [null], mergedContextConfiguration = [WebMergedContextConfiguration@33feb805 testClass = CalculatorApplicationTests, locations = '{}', classes = '{class com.bouznari.Calculator.CalculatorApplication}', contextInitializerClasses = '[]', activeProfiles = '{}', propertySourceLocations = '{}', propertySourceProperties = '{org.springframework.boot.test.context.SpringBootTestContextBootstrapper=true}', contextCustomizers = set[org.springframework.boot.test.autoconfigure.actuate.metrics.MetricsExportContextCustomizerFactory$DisableMetricExportContextCustomizer@7e4d2287, org.springframework.boot.test.autoconfigure.properties.PropertyMappingContextCustomizer@0, org.springframework.boot.test.autoconfigure.web.servlet.WebDriverContextCustomizerFactory$Customizer@7c1812b3, org.springframework.boot.test.context.filter.ExcludeFilterContextCustomizer@18eec010, org.springframework.boot.test.json.DuplicateJsonObjectContextCustomizerFactory$DuplicateJsonObjectContextCustomizer@28348c6, org.springframework.boot.test.mock.mockito.MockitoContextCustomizer@0, org.springframework.boot.test.web.client.TestRestTemplateContextCustomizer@7ea08277, org.springframework.boot.test.context.SpringBootTestArgs@1, org.springframework.boot.test.context.SpringBootTestWebEnvironment@1fdfafd2], resourceBasePath = 'src/main/webapp', contextLoader = 'org.springframework.boot.test.context.SpringBootContextLoader', parent = [null]], attributes = map['org.springframework.test.context.web.ServletTestExecutionListener.activateListener' -> true]], class annotated with @DirtiesContext [false] with mode [null].
08:42:34.237 [Test worker] DEBUG org.springframework.boot.ApplicationServletEnvironment - Activating profiles []
08:42:34.242 [Test worker] DEBUG org.springframework.test.context.support.TestPropertySourceUtils - Adding inlined properties to environment: {spring.jmx.enabled=false, org.springframework.boot.test.context.SpringBootTestContextBootstrapper=true}

  .   ____          _            __ _ _
 /\\ / ___'_ __ _ _(_)_ __  __ _ \ \ \ \
( ( )\___ | '_ | '_| | '_ \/ _` | \ \ \ \
 \\/  ___)| |_)| | | | | || (_| |  ) ) ) )
  '  |____| .__|_| |_|_| |_\__, | / / / /
 =========|_|==============|___/=/_/_/_/
 :: Spring Boot ::                (v2.6.0)

2023-12-22 08:42:34.546  INFO 37533 --- [    Test worker] c.b.C.CalculatorApplicationTests         : Starting CalculatorApplicationTests using Java 17.0.9 on pc-HP-ProBook-440-G8-Notebook-PC with PID 37533 (started by pc in /home/pc/Bureau/calculator)
2023-12-22 08:42:34.547  INFO 37533 --- [    Test worker] c.b.C.CalculatorApplicationTests         : No active profile set, falling back to default profiles: default
2023-12-22 08:42:36.092  INFO 37533 --- [    Test worker] c.b.C.CalculatorApplicationTests         : Started CalculatorApplicationTests in 1.848 seconds (JVM running for 3.199)
]]></system-out>
  <system-err><![CDATA[]]></system-err>
</testsuite>
